
Showing logs for build [32mcb-kubecd-environment-pr-5429-1-nfxg6-1[0m stage [32mmeta-pipeline[0m and container [32mstep-credential-initializer-rs8z7[0m
{"level":"warn","ts":1568288038.555751,"logger":"fallback-logger","caller":"logging/config.go:69","msg":"Fetch GitHub commit ID from kodata failed: \"ref: refs/heads/master\" is not a valid GitHub commit ID"}
{"level":"info","ts":1568288038.5564015,"logger":"fallback-logger","caller":"creds-init/main.go:40","msg":"Credentials initialized."}

Showing logs for build [32mcb-kubecd-environment-pr-5429-1-nfxg6-1[0m stage [32mmeta-pipeline[0m and container [32mstep-working-dir-initializer-cm2zd[0m
{"level":"warn","ts":1568288039.530411,"logger":"fallback-logger","caller":"logging/config.go:69","msg":"Fetch GitHub commit ID from kodata failed: open /var/run/ko/HEAD: no such file or directory"}
{"level":"info","ts":1568288039.5318263,"logger":"fallback-logger","caller":"bash/main.go:65","msg":"Successfully executed command \"mkdir -p /workspace/source\""}

Showing logs for build [32mcb-kubecd-environment-pr-5429-1-nfxg6-1[0m stage [32mmeta-pipeline[0m and container [32mstep-place-tools[0m

Showing logs for build [32mcb-kubecd-environment-pr-5429-1-nfxg6-1[0m stage [32mmeta-pipeline[0m and container [32mstep-git-source-meta-cb-kubecd-environment-pr-5-nfzlp[0m
{"level":"warn","ts":1568288044.5426087,"logger":"fallback-logger","caller":"logging/config.go:69","msg":"Fetch GitHub commit ID from kodata failed: \"ref: refs/heads/master\" is not a valid GitHub commit ID"}
{"level":"info","ts":1568288045.619329,"logger":"fallback-logger","caller":"git/git.go:102","msg":"Successfully cloned https://github.com/cb-kubecd/environment-pr-5429-19-tekton-gkebdd-production.git @ 9069f1b65f93302054ab3a6c6361ebb6ccf79167 in path /workspace/source"}

Showing logs for build [32mcb-kubecd-environment-pr-5429-1-nfxg6-1[0m stage [32mmeta-pipeline[0m and container [32mstep-git-merge[0m
Using SHAs from PULL_REFS=master:9069f1b65f93302054ab3a6c6361ebb6ccf79167,1:44a770e34b89a3cf84877c479c834a5bf9da82b8
DEBUG: ran git fetch --unshallow origin 44a770e34b89a3cf84877c479c834a5bf9da82b8: 9069f1b65f93302054ab3a6c6361ebb6ccf79167: in 
DEBUG: ran git checkout master in 
DEBUG: ran git reset --hard 9069f1b65f93302054ab3a6c6361ebb6ccf79167 in 
DEBUG: ran clean --force -d . in 
DEBUG: ran git merge 44a770e34b89a3cf84877c479c834a5bf9da82b8 in 
Merged SHA 44a770e34b89a3cf84877c479c834a5bf9da82b8 with commit message 'chore: Promote bdd-spring-1568287359 to version 0.0.1' into base branch master

Showing logs for build [32mcb-kubecd-environment-pr-5429-1-nfxg6-1[0m stage [32mmeta-pipeline[0m and container [32mstep-merge-pull-refs[0m
DEBUG: ran git fetch origin 44a770e34b89a3cf84877c479c834a5bf9da82b8: 9069f1b65f93302054ab3a6c6361ebb6ccf79167: in 
DEBUG: Unshallowed git repo in 
DEBUG: ran git checkout master in 
DEBUG: ran git reset --hard 9069f1b65f93302054ab3a6c6361ebb6ccf79167 in 
DEBUG: ran clean --force -d . in 
DEBUG: ran git merge 44a770e34b89a3cf84877c479c834a5bf9da82b8 in 
Merged SHA 44a770e34b89a3cf84877c479c834a5bf9da82b8 with commit message 'chore: Promote bdd-spring-1568287359 to version 0.0.1' into base branch master

Showing logs for build [32mcb-kubecd-environment-pr-5429-1-nfxg6-1[0m stage [32mmeta-pipeline[0m and container [32mstep-create-effective-pipeline[0m
Deleting and cloning the Jenkins X versions repo
Cloning the Jenkins X versions repo https://github.com/jenkins-x/jenkins-x-versions.git with ref refs/heads/master to /builder/home/.**/jenkins-x-versions
selected pack: /builder/home/.**/draft/packs/github.com/jenkins-x-buildpacks/jenkins-x-kubernetes/packs/environment
Effective pipeline written to jenkins-x-promotion-build-effective.yml

Showing logs for build [32mcb-kubecd-environment-pr-5429-1-nfxg6-1[0m stage [32mmeta-pipeline[0m and container [32mstep-create-tekton-crds[0m
PipelineActivity for cb-kubecd-environment-pr-5429-19-tekton-gkebdd-production-PR-1-1
Applying changes 
upserted PipelineResource cb-kubecd-environment-pr-5429-1 for the git repository https://github.com/cb-kubecd/environment-pr-5429-19-tekton-gkebdd-production.git
upserted Task cb-kubecd-environment-pr-5429-1-nfxg6-from-build-pack-1
upserted Pipeline cb-kubecd-environment-pr-5429-1-nfxg6-1
created PipelineRun cb-kubecd-environment-pr-5429-1-nfxg6-1
created PipelineStructure cb-kubecd-environment-pr-5429-1-nfxg6-1

Showing logs for build [32mcb-kubecd-environment-pr-5429-1-nfxg6-1[0m stage [32mfrom-build-pack[0m and container [32mstep-credential-initializer-4x8hg[0m
{"level":"warn","ts":1568288058.0133383,"logger":"fallback-logger","caller":"logging/config.go:69","msg":"Fetch GitHub commit ID from kodata failed: \"ref: refs/heads/master\" is not a valid GitHub commit ID"}
{"level":"info","ts":1568288058.0141675,"logger":"fallback-logger","caller":"creds-init/main.go:40","msg":"Credentials initialized."}

Showing logs for build [32mcb-kubecd-environment-pr-5429-1-nfxg6-1[0m stage [32mfrom-build-pack[0m and container [32mstep-working-dir-initializer-tw9f7[0m
{"level":"warn","ts":1568288058.9577615,"logger":"fallback-logger","caller":"logging/config.go:69","msg":"Fetch GitHub commit ID from kodata failed: open /var/run/ko/HEAD: no such file or directory"}
{"level":"info","ts":1568288058.9600015,"logger":"fallback-logger","caller":"bash/main.go:65","msg":"Successfully executed command \"mkdir -p /workspace/source /workspace/source/env\""}

Showing logs for build [32mcb-kubecd-environment-pr-5429-1-nfxg6-1[0m stage [32mfrom-build-pack[0m and container [32mstep-place-tools[0m

Showing logs for build [32mcb-kubecd-environment-pr-5429-1-nfxg6-1[0m stage [32mfrom-build-pack[0m and container [32mstep-git-source-cb-kubecd-environment-pr-5429-1-kggsj[0m
{"level":"warn","ts":1568288064.0817318,"logger":"fallback-logger","caller":"logging/config.go:69","msg":"Fetch GitHub commit ID from kodata failed: \"ref: refs/heads/master\" is not a valid GitHub commit ID"}
{"level":"info","ts":1568288065.1210823,"logger":"fallback-logger","caller":"git/git.go:102","msg":"Successfully cloned https://github.com/cb-kubecd/environment-pr-5429-19-tekton-gkebdd-production.git @ master in path /workspace/source"}

Showing logs for build [32mcb-kubecd-environment-pr-5429-1-nfxg6-1[0m stage [32mfrom-build-pack[0m and container [32mstep-git-merge[0m
Using SHAs from PULL_REFS=master:9069f1b65f93302054ab3a6c6361ebb6ccf79167,1:44a770e34b89a3cf84877c479c834a5bf9da82b8
DEBUG: ran git fetch --unshallow origin 44a770e34b89a3cf84877c479c834a5bf9da82b8: 9069f1b65f93302054ab3a6c6361ebb6ccf79167: in 
DEBUG: ran git checkout master in 
DEBUG: ran git reset --hard 9069f1b65f93302054ab3a6c6361ebb6ccf79167 in 
DEBUG: ran clean --force -d . in 
DEBUG: ran git merge 44a770e34b89a3cf84877c479c834a5bf9da82b8 in 
Merged SHA 44a770e34b89a3cf84877c479c834a5bf9da82b8 with commit message 'chore: Promote bdd-spring-1568287359 to version 0.0.1' into base branch master

Showing logs for build [32mcb-kubecd-environment-pr-5429-1-nfxg6-1[0m stage [32mfrom-build-pack[0m and container [32mstep-build-helm-build[0m
WARNING: No $CHART_REPOSITORY defined so using the default value of: http://jenkins-x-chartmuseum:8080
Adding missing Helm repo: storage.googleapis.com https://storage.googleapis.com/chartmuseum.jenkins-x.io
Successfully added Helm repository storage.googleapis.com.
Adding missing Helm repo: jenkins-x-chartmuseum http://jenkins-x-chartmuseum:8080
Successfully added Helm repository jenkins-x-chartmuseum.
WARNING: No $CHART_REPOSITORY defined so using the default value of: http://jenkins-x-chartmuseum:8080
Adding missing Helm repo: chartmuseum.jenkins-x.io http://chartmuseum.jenkins-x.io
Successfully added Helm repository chartmuseum.jenkins-x.io.
